# JRE version: OpenJDK Runtime Environment Temurin-21.0.10+7 (21.0.10+7) (build 21.0.10+7-LTS)
# Java VM: OpenJDK 64-Bit Server VM Temurin-21.0.10+7 (21.0.10+7-LTS, mixed mode, sharing, tiered, compressed oops, compressed class ptrs, parallel gc, windows-amd64)
GC Precious Log:
 CardTable entry size: 512
 CPUs: 4 total, 4 available
 Memory: 16326M
 Large Page Support: Disabled
 NUMA Support: Disabled
 Compressed Oops: Enabled (32-bit)
 Alignments: Space 512K, Generation 512K, Heap 2M
 Heap Min Capacity: 100M
 Heap Initial Capacity: 100M
 Heap Max Capacity: 2G
 Pre-touch: Disabled
 Parallel Workers: 4
Heap:
 PSYoungGen      total 22528K, used 13519K [0x00000000d5580000, 0x00000000d7000000, 0x0000000100000000)
  eden space 22016K, 59% used [0x00000000d5580000,0x00000000d62486f8,0x00000000d6b00000)
  from space 512K, 84% used [0x00000000d6f80000,0x00000000d6feb890,0x00000000d7000000)
  to   space 512K, 0% used [0x00000000d6f00000,0x00000000d6f00000,0x00000000d6f80000)
 ParOldGen       total 68608K, used 14791K [0x0000000080000000, 0x0000000084300000, 0x00000000d5580000)
  object space 68608K, 21% used [0x0000000080000000,0x0000000080e71fd0,0x0000000084300000)
 Metaspace       used 29072K, committed 29952K, reserved 1114112K
  class space    used 2913K, committed 3264K, reserved 1048576K
GC Heap History (20 events):
Event: 17.172 GC heap before
{Heap before GC invocations=4 (full 0):
 PSYoungGen      total 29696K, used 29667K [0x00000000d5580000, 0x00000000d7680000, 0x0000000100000000)
  eden space 25600K, 100% used [0x00000000d5580000,0x00000000d6e80000,0x00000000d6e80000)
  from space 4096K, 99% used [0x00000000d6e80000,0x00000000d7278ea8,0x00000000d7280000)
  to   space 4096K, 0% used [0x00000000d7280000,0x00000000d7280000,0x00000000d7680000)
 ParOldGen       total 68608K, used 4366K [0x0000000080000000, 0x0000000084300000, 0x00000000d5580000)
  object space 68608K, 6% used [0x0000000080000000,0x00000000804439c0,0x0000000084300000)
 Metaspace       used 10142K, committed 10432K, reserved 1114112K
  class space    used 1047K, committed 1152K, reserved 1048576K
}
Event: 17.176 GC heap after
{Heap after GC invocations=4 (full 0):
 PSYoungGen      total 29696K, used 4082K [0x00000000d5580000, 0x00000000d7680000, 0x0000000100000000)
  eden space 25600K, 0% used [0x00000000d5580000,0x00000000d5580000,0x00000000d6e80000)
  from space 4096K, 99% used [0x00000000d7280000,0x00000000d767c818,0x00000000d7680000)
  to   space 4096K, 0% used [0x00000000d6e80000,0x00000000d6e80000,0x00000000d7280000)
 ParOldGen       total 68608K, used 6129K [0x0000000080000000, 0x0000000084300000, 0x00000000d5580000)
  object space 68608K, 8% used [0x0000000080000000,0x00000000805fc498,0x0000000084300000)
 Metaspace       used 10142K, committed 10432K, reserved 1114112K
  class space    used 1047K, committed 1152K, reserved 1048576K
}
Event: 18.575 GC heap before
{Heap before GC invocations=5 (full 0):
 PSYoungGen      total 29696K, used 29682K [0x00000000d5580000, 0x00000000d7680000, 0x0000000100000000)
  eden space 25600K, 100% used [0x00000000d5580000,0x00000000d6e80000,0x00000000d6e80000)
  from space 4096K, 99% used [0x00000000d7280000,0x00000000d767c818,0x00000000d7680000)
  to   space 4096K, 0% used [0x00000000d6e80000,0x00000000d6e80000,0x00000000d7280000)
 ParOldGen       total 68608K, used 6129K [0x0000000080000000, 0x0000000084300000, 0x00000000d5580000)
  object space 68608K, 8% used [0x0000000080000000,0x00000000805fc498,0x0000000084300000)
 Metaspace       used 10665K, committed 11008K, reserved 1114112K
  class space    used 1084K, committed 1216K, reserved 1048576K
}
Event: 18.581 GC heap after
{Heap after GC invocations=5 (full 0):
 PSYoungGen      total 29184K, used 4090K [0x00000000d5580000, 0x00000000d7b00000, 0x0000000100000000)
  eden space 25088K, 0% used [0x00000000d5580000,0x00000000d5580000,0x00000000d6e00000)
  from space 4096K, 99% used [0x00000000d6e80000,0x00000000d727ea78,0x00000000d7280000)
  to   space 6656K, 0% used [0x00000000d7480000,0x00000000d7480000,0x00000000d7b00000)
 ParOldGen       total 68608K, used 8471K [0x0000000080000000, 0x0000000084300000, 0x00000000d5580000)
  object space 68608K, 12% used [0x0000000080000000,0x0000000080845dd8,0x0000000084300000)
 Metaspace       used 10665K, committed 11008K, reserved 1114112K
  class space    used 1084K, committed 1216K, reserved 1048576K
}
Event: 20.255 GC heap before
{Heap before GC invocations=6 (full 0):
 PSYoungGen      total 29184K, used 29178K [0x00000000d5580000, 0x00000000d7b00000, 0x0000000100000000)
  eden space 25088K, 100% used [0x00000000d5580000,0x00000000d6e00000,0x00000000d6e00000)
  from space 4096K, 99% used [0x00000000d6e80000,0x00000000d727ea78,0x00000000d7280000)
  to   space 6656K, 0% used [0x00000000d7480000,0x00000000d7480000,0x00000000d7b00000)
 ParOldGen       total 68608K, used 8471K [0x0000000080000000, 0x0000000084300000, 0x00000000d5580000)
  object space 68608K, 12% used [0x0000000080000000,0x0000000080845dd8,0x0000000084300000)
 Metaspace       used 14611K, committed 15040K, reserved 1114112K
  class space    used 1475K, committed 1664K, reserved 1048576K
}
Event: 20.259 GC heap after
{Heap after GC invocations=6 (full 0):
 PSYoungGen      total 28160K, used 3085K [0x00000000d5580000, 0x00000000d7800000, 0x0000000100000000)
  eden space 24576K, 0% used [0x00000000d5580000,0x00000000d5580000,0x00000000d6d80000)
  from space 3584K, 86% used [0x00000000d7480000,0x00000000d77837e8,0x00000000d7800000)
  to   space 4608K, 0% used [0x00000000d6f00000,0x00000000d6f00000,0x00000000d7380000)
 ParOldGen       total 68608K, used 8479K [0x0000000080000000, 0x0000000084300000, 0x00000000d5580000)
  object space 68608K, 12% used [0x0000000080000000,0x0000000080847dd8,0x0000000084300000)
 Metaspace       used 14611K, committed 15040K, reserved 1114112K
  class space    used 1475K, committed 1664K, reserved 1048576K
}
Event: 21.569 GC heap before
{Heap before GC invocations=7 (full 0):
 PSYoungGen      total 28160K, used 27661K [0x00000000d5580000, 0x00000000d7800000, 0x0000000100000000)
  eden space 24576K, 100% used [0x00000000d5580000,0x00000000d6d80000,0x00000000d6d80000)
  from space 3584K, 86% used [0x00000000d7480000,0x00000000d77837e8,0x00000000d7800000)
  to   space 4608K, 0% used [0x00000000d6f00000,0x00000000d6f00000,0x00000000d7380000)
 ParOldGen       total 68608K, used 8479K [0x0000000080000000, 0x0000000084300000, 0x00000000d5580000)
  object space 68608K, 12% used [0x0000000080000000,0x0000000080847dd8,0x0000000084300000)
 Metaspace       used 17945K, committed 18688K, reserved 1114112K
  class space    used 1827K, committed 2112K, reserved 1048576K
}
Event: 21.576 GC heap after
{Heap after GC invocations=7 (full 0):
 PSYoungGen      total 27648K, used 3490K [0x00000000d5580000, 0x00000000d7500000, 0x0000000100000000)
  eden space 24064K, 0% used [0x00000000d5580000,0x00000000d5580000,0x00000000d6d00000)
  from space 3584K, 97% used [0x00000000d6f00000,0x00000000d7268a30,0x00000000d7280000)
  to   space 2560K, 0% used [0x00000000d7280000,0x00000000d7280000,0x00000000d7500000)
 ParOldGen       total 68608K, used 9055K [0x0000000080000000, 0x0000000084300000, 0x00000000d5580000)
  object space 68608K, 13% used [0x0000000080000000,0x00000000808d7de8,0x0000000084300000)
 Metaspace       used 17945K, committed 18688K, reserved 1114112K
  class space    used 1827K, committed 2112K, reserved 1048576K
}
Event: 23.045 GC heap before
{Heap before GC invocations=8 (full 0):
 PSYoungGen      total 27648K, used 27554K [0x00000000d5580000, 0x00000000d7500000, 0x0000000100000000)
  eden space 24064K, 99% used [0x00000000d5580000,0x00000000d6cfff48,0x00000000d6d00000)
  from space 3584K, 97% used [0x00000000d6f00000,0x00000000d7268a30,0x00000000d7280000)
  to   space 2560K, 0% used [0x00000000d7280000,0x00000000d7280000,0x00000000d7500000)
 ParOldGen       total 68608K, used 9055K [0x0000000080000000, 0x0000000084300000, 0x00000000d5580000)
  object space 68608K, 13% used [0x0000000080000000,0x00000000808d7de8,0x0000000084300000)
 Metaspace       used 20223K, committed 20992K, reserved 1114112K
  class space    used 2074K, committed 2432K, reserved 1048576K
}
Event: 23.048 GC heap after
{Heap after GC invocations=8 (full 0):
 PSYoungGen      total 26112K, used 2533K [0x00000000d5580000, 0x00000000d7880000, 0x0000000100000000)
  eden space 23552K, 0% used [0x00000000d5580000,0x00000000d5580000,0x00000000d6c80000)
  from space 2560K, 98% used [0x00000000d7280000,0x00000000d74f97d0,0x00000000d7500000)
  to   space 6144K, 0% used [0x00000000d6c80000,0x00000000d6c80000,0x00000000d7280000)
 ParOldGen       total 68608K, used 11867K [0x0000000080000000, 0x0000000084300000, 0x00000000d5580000)
  object space 68608K, 17% used [0x0000000080000000,0x0000000080b96ee8,0x0000000084300000)
 Metaspace       used 20223K, committed 20992K, reserved 1114112K
  class space    used 2074K, committed 2432K, reserved 1048576K
}
Event: 23.143 GC heap before
{Heap before GC invocations=9 (full 0):
 PSYoungGen      total 26112K, used 5872K [0x00000000d5580000, 0x00000000d7880000, 0x0000000100000000)
  eden space 23552K, 14% used [0x00000000d5580000,0x00000000d58c2aa8,0x00000000d6c80000)
  from space 2560K, 98% used [0x00000000d7280000,0x00000000d74f97d0,0x00000000d7500000)
  to   space 6144K, 0% used [0x00000000d6c80000,0x00000000d6c80000,0x00000000d7280000)
 ParOldGen       total 68608K, used 11867K [0x0000000080000000, 0x0000000084300000, 0x00000000d5580000)
  object space 68608K, 17% used [0x0000000080000000,0x0000000080b96ee8,0x0000000084300000)
 Metaspace       used 20718K, committed 21504K, reserved 1114112K
  class space    used 2110K, committed 2432K, reserved 1048576K
}
Event: 23.144 GC heap after
{Heap after GC invocations=9 (full 0):
 PSYoungGen      total 25600K, used 1705K [0x00000000d5580000, 0x00000000d7300000, 0x0000000100000000)
  eden space 23552K, 0% used [0x00000000d5580000,0x00000000d5580000,0x00000000d6c80000)
  from space 2048K, 83% used [0x00000000d6c80000,0x00000000d6e2a670,0x00000000d6e80000)
  to   space 3072K, 0% used [0x00000000d7000000,0x00000000d7000000,0x00000000d7300000)
 ParOldGen       total 68608K, used 12764K [0x0000000080000000, 0x0000000084300000, 0x00000000d5580000)
  object space 68608K, 18% used [0x0000000080000000,0x0000000080c77308,0x0000000084300000)
 Metaspace       used 20718K, committed 21504K, reserved 1114112K
  class space    used 2110K, committed 2432K, reserved 1048576K
}
Event: 23.144 GC heap before
{Heap before GC invocations=10 (full 1):
 PSYoungGen      total 25600K, used 1705K [0x00000000d5580000, 0x00000000d7300000, 0x0000000100000000)
  eden space 23552K, 0% used [0x00000000d5580000,0x00000000d5580000,0x00000000d6c80000)
  from space 2048K, 83% used [0x00000000d6c80000,0x00000000d6e2a670,0x00000000d6e80000)
  to   space 3072K, 0% used [0x00000000d7000000,0x00000000d7000000,0x00000000d7300000)
 ParOldGen       total 68608K, used 12764K [0x0000000080000000, 0x0000000084300000, 0x00000000d5580000)
  object space 68608K, 18% used [0x0000000080000000,0x0000000080c77308,0x0000000084300000)
 Metaspace       used 20718K, committed 21504K, reserved 1114112K
  class space    used 2110K, committed 2432K, reserved 1048576K
}
Event: 23.177 GC heap after
{Heap after GC invocations=10 (full 1):
 PSYoungGen      total 25600K, used 0K [0x00000000d5580000, 0x00000000d7300000, 0x0000000100000000)
  eden space 23552K, 0% used [0x00000000d5580000,0x00000000d5580000,0x00000000d6c80000)
  from space 2048K, 0% used [0x00000000d6c80000,0x00000000d6c80000,0x00000000d6e80000)
  to   space 3072K, 0% used [0x00000000d7000000,0x00000000d7000000,0x00000000d7300000)
 ParOldGen       total 68608K, used 12768K [0x0000000080000000, 0x0000000084300000, 0x00000000d5580000)
  object space 68608K, 18% used [0x0000000080000000,0x0000000080c78348,0x0000000084300000)
 Metaspace       used 20705K, committed 21504K, reserved 1114112K
  class space    used 2106K, committed 2432K, reserved 1048576K
}
Event: 24.059 GC heap before
{Heap before GC invocations=11 (full 1):
 PSYoungGen      total 25600K, used 23552K [0x00000000d5580000, 0x00000000d7300000, 0x0000000100000000)
  eden space 23552K, 100% used [0x00000000d5580000,0x00000000d6c80000,0x00000000d6c80000)
  from space 2048K, 0% used [0x00000000d6c80000,0x00000000d6c80000,0x00000000d6e80000)
  to   space 3072K, 0% used [0x00000000d7000000,0x00000000d7000000,0x00000000d7300000)
 ParOldGen       total 68608K, used 12768K [0x0000000080000000, 0x0000000084300000, 0x00000000d5580000)
  object space 68608K, 18% used [0x0000000080000000,0x0000000080c78348,0x0000000084300000)
 Metaspace       used 23172K, committed 24000K, reserved 1114112K
  class space    used 2266K, committed 2688K, reserved 1048576K
}
Event: 24.060 GC heap after
{Heap after GC invocations=11 (full 1):
 PSYoungGen      total 23552K, used 379K [0x00000000d5580000, 0x00000000d7080000, 0x0000000100000000)
  eden space 23040K, 0% used [0x00000000d5580000,0x00000000d5580000,0x00000000d6c00000)
  from space 512K, 74% used [0x00000000d7000000,0x00000000d705eda8,0x00000000d7080000)
  to   space 1536K, 0% used [0x00000000d6d80000,0x00000000d6d80000,0x00000000d6f00000)
 ParOldGen       total 68608K, used 12776K [0x0000000080000000, 0x0000000084300000, 0x00000000d5580000)
  object space 68608K, 18% used [0x0000000080000000,0x0000000080c7a348,0x0000000084300000)
 Metaspace       used 23172K, committed 24000K, reserved 1114112K
  class space    used 2266K, committed 2688K, reserved 1048576K
}
Event: 25.026 GC heap before
{Heap before GC invocations=12 (full 1):
 PSYoungGen      total 23552K, used 23419K [0x00000000d5580000, 0x00000000d7080000, 0x0000000100000000)
  eden space 23040K, 100% used [0x00000000d5580000,0x00000000d6c00000,0x00000000d6c00000)
  from space 512K, 74% used [0x00000000d7000000,0x00000000d705eda8,0x00000000d7080000)
  to   space 1536K, 0% used [0x00000000d6d80000,0x00000000d6d80000,0x00000000d6f00000)
 ParOldGen       total 68608K, used 12776K [0x0000000080000000, 0x0000000084300000, 0x00000000d5580000)
  object space 68608K, 18% used [0x0000000080000000,0x0000000080c7a348,0x0000000084300000)
 Metaspace       used 26124K, committed 26944K, reserved 1114112K
  class space    used 2580K, committed 2944K, reserved 1048576K
}
Event: 25.027 GC heap after
{Heap after GC invocations=12 (full 1):
 PSYoungGen      total 24064K, used 530K [0x00000000d5580000, 0x00000000d7080000, 0x0000000100000000)
  eden space 22528K, 0% used [0x00000000d5580000,0x00000000d5580000,0x00000000d6b80000)
  from space 1536K, 34% used [0x00000000d6d80000,0x00000000d6e04870,0x00000000d6f00000)
  to   space 1024K, 0% used [0x00000000d6f80000,0x00000000d6f80000,0x00000000d7080000)
 ParOldGen       total 68608K, used 12880K [0x0000000080000000, 0x0000000084300000, 0x00000000d5580000)
  object space 68608K, 18% used [0x0000000080000000,0x0000000080c94348,0x0000000084300000)
 Metaspace       used 26124K, committed 26944K, reserved 1114112K
  class space    used 2580K, committed 2944K, reserved 1048576K
}
Event: 25.416 GC heap before
{Heap before GC invocations=13 (full 1):
 PSYoungGen      total 24064K, used 23058K [0x00000000d5580000, 0x00000000d7080000, 0x0000000100000000)
  eden space 22528K, 100% used [0x00000000d5580000,0x00000000d6b80000,0x00000000d6b80000)
  from space 1536K, 34% used [0x00000000d6d80000,0x00000000d6e04870,0x00000000d6f00000)
  to   space 1024K, 0% used [0x00000000d6f80000,0x00000000d6f80000,0x00000000d7080000)
 ParOldGen       total 68608K, used 12880K [0x0000000080000000, 0x0000000084300000, 0x00000000d5580000)
  object space 68608K, 18% used [0x0000000080000000,0x0000000080c94348,0x0000000084300000)
 Metaspace       used 27864K, committed 28672K, reserved 1114112K
  class space    used 2765K, committed 3136K, reserved 1048576K
}
Event: 25.418 GC heap after
{Heap after GC invocations=13 (full 1):
 PSYoungGen      total 22528K, used 430K [0x00000000d5580000, 0x00000000d7000000, 0x0000000100000000)
  eden space 22016K, 0% used [0x00000000d5580000,0x00000000d5580000,0x00000000d6b00000)
  from space 512K, 84% used [0x00000000d6f80000,0x00000000d6feb890,0x00000000d7000000)
  to   space 512K, 0% used [0x00000000d6f00000,0x00000000d6f00000,0x00000000d6f80000)
 ParOldGen       total 68608K, used 14791K [0x0000000080000000, 0x0000000084300000, 0x00000000d5580000)
  object space 68608K, 21% used [0x0000000080000000,0x0000000080e71fd0,0x0000000084300000)
 Metaspace       used 27864K, committed 28672K, reserved 1114112K
  class space    used 2765K, committed 3136K, reserved 1048576K
}

